<?xml version="1.0" encoding="UTF-8"?>
<testsuite xmlns:xsi="http://www.w3.org/2001/XMLSchema-instance" xsi:noNamespaceSchemaLocation="https://maven.apache.org/surefire/maven-surefire-plugin/xsd/surefire-test-report-3.0.xsd" version="3.0" name="tests.gui.NewTest" time="56.899" tests="3" errors="0" skipped="0" failures="0">
  <properties>
    <property name="java.specification.version" value="15"/>
    <property name="sun.cpu.isalist" value="amd64"/>
    <property name="sun.jnu.encoding" value="Cp1252"/>
    <property name="setPreserveOrder" value="true"/>
    <property name="skipTestsWithLinkedIssues" value="false"/>
    <property name="sun.arch.data.model" value="64"/>
    <property name="targetBrowserName" value="GoogleChrome"/>
    <property name="testDataFolderPath" value="src/test/resources/TestDataFiles/"/>
    <property name="java.vendor.url" value="https://java.oracle.com/"/>
    <property name="propertiesFolderPath_CI" value=""/>
    <property name="allureResultsFolderPath" value="allure-results/"/>
    <property name="sun.boot.library.path" value="C:\Program Files\Java\jdk-15.0.2\bin"/>
    <property name="sun.java.command" value="C:\Users\Ahmed\AppData\Local\Temp\surefire13965130552287876484\surefirebooter11710847329389215795.jar C:\Users\Ahmed\AppData\Local\Temp\surefire13965130552287876484 2021-03-29T23-08-33_492-jvmRun1 surefire12835403364614061661tmp surefire_012418420280614382147tmp"/>
    <property name="jdk.debug" value="release"/>
    <property name="screenshotParams_watermarkOpacity" value="0.2"/>
    <property name="mobile_browserName" value="Chrome"/>
    <property name="maximumPerformanceMode" value="false"/>
    <property name="autoMaximizeBrowserWindow" value="true"/>
    <property name="java.specification.vendor" value="Oracle Corporation"/>
    <property name="java.version.date" value="2021-01-19"/>
    <property name="shaftEngineVersion" value="SHAFT Engine v4.3"/>
    <property name="java.home" value="C:\Program Files\Java\jdk-15.0.2"/>
    <property name="testng.dtd.http" value="true"/>
    <property name="basedir" value="C:\Users\Ahmed\git\using_SHAFT_ENGINE2"/>
    <property name="file.separator" value="\"/>
    <property name="alwaysLogDiscreetly" value="false"/>
    <property name="java.vm.compressedOopsMode" value="Zero based"/>
    <property name="line.separator" value="&#10;"/>
    <property name="java.vm.specification.vendor" value="Oracle Corporation"/>
    <property name="java.specification.name" value="Java Platform API Specification"/>
    <property name="testDataColumnNamePrefix" value="Data"/>
    <property name="video.save.mode" value="ALL"/>
    <property name="targetOperatingSystem" value="Windows-64"/>
    <property name="waitImplicitly" value="false"/>
    <property name="user.script" value=""/>
    <property name="propertiesFolderPath" value="src/test/resources/Properties/"/>
    <property name="sun.management.compiler" value="HotSpot 64-Bit Tiered Compilers"/>
    <property name="generateAllureReportArchive" value="false"/>
    <property name="java.runtime.version" value="15.0.2+7-27"/>
    <property name="headlessExecution" value="false"/>
    <property name="user.name" value="Ahmed"/>
    <property name="watermarkImagePath" value="images/shaft_white_bg.png"/>
    <property name="screenshotParams_watermark" value="true"/>
    <property name="testSuiteFolderPath" value="src/test/resources/TestSuites/"/>
    <property name="file.encoding" value="Cp1252"/>
    <property name="forceCheckForElementVisibility" value="true"/>
    <property name="cleanAllureResultsDirectoryBeforeExecution" value="true"/>
    <property name="localRepository" value="C:\Users\Ahmed\.m2\repository"/>
    <property name="java.io.tmpdir" value="C:\Users\Ahmed\AppData\Local\Temp\"/>
    <property name="databaseNetworkTimeout" value="30"/>
    <property name="java.version" value="15.0.2"/>
    <property name="defaultElementIdentificationTimeout" value="5"/>
    <property name="java.vm.specification.name" value="Java Virtual Machine Specification"/>
    <property name="dockerCommandTimeout" value="30"/>
    <property name="databaseLoginTimeout" value="30"/>
    <property name="attemptsBeforeThrowingElementNotFoundException" value="5"/>
    <property name="sun.os.patch.level" value=""/>
    <property name="org.slf4j.simpleLogger.defaultLogLevel" value="info"/>
    <property name="implicitWaitTimeout" value="30"/>
    <property name="lazyLoadingTimeout" value="30"/>
    <property name="java.library.path" value="C:\Program Files\Java\jdk-15.0.2\bin;C:\WINDOWS\Sun\Java\bin;C:\WINDOWS\system32;C:\WINDOWS;C:\Program Files (x86)\Razer Chroma SDK\bin;C:\Program Files\Razer Chroma SDK\bin;C:\WINDOWS\system32;C:\WINDOWS;C:\WINDOWS\System32\Wbem;C:\WINDOWS\System32\WindowsPowerShell\v1.0\;C:\Program Files\NVIDIA Corporation\NVIDIA NvDLISR;C:\WINDOWS\System32\OpenSSH\;C:\Users\Ahmed\Desktop\AUTOMATION\maven\apache-maven-3.6.1/bin;C:\Program Files\Java\jdk-13.0.1\bin;C:\Users\Ahmed\AppData\Local\Android\Sdk\tools\bin;C:\Users\Ahmed\AppData\Local\Android\Sdk\tools;C:\Users\Ahmed\AppData\Local\Android\Sdk\platform-tools;C:\Program Files\nodejs\node_modules\npm\bin;C:\Program Files\nodejs;C:\Program Files (x86)\NVIDIA Corporation\PhysX\Common;C:\Program Files\Java\jdk-11.0.6\bin;D:\automationutest\drivers\chromedriver;D:\automationutest\drivers\chromedriver.exe;D:\automationutest\drivers\geckodriver.exe;C:\Users\Ahmed\AppData\Local\Microsoft\WindowsApps;D:\IntelliJ IDEA Community Edition 2019.3.3\bin;C:\Users\Ahmed\AppData\Roaming\npm;C:\Program Files\Common Files\Autodesk Shared\;C:\Program Files\nodejs\;C:\WINDOWS\system32;C:\WINDOWS;C:\WINDOWS\System32\Wbem;C:\WINDOWS\System32\WindowsPowerShell\v1.0\;C:\WINDOWS\System32\OpenSSH\;C:\Program Files\Java\jdk-15.0.2\bin;C:\Program Files\Git\cmd;C:\Users\Ahmed\AppData\Local\Programs\Python\Python38-32\Scripts\;C:\Users\Ahmed\AppData\Local\Programs\Python\Python38-32\;C:\Users\Ahmed\AppData\Local\Microsoft\WindowsApps;;D:\IntelliJ IDEA Community Edition 2019.3.3\bin;;C:\Users\Ahmed\AppData\Roaming\npm;C:\Users\Ahmed\AppData\Local\Programs\Microsoft VS Code\bin;."/>
    <property name="java.vendor" value="Oracle Corporation"/>
    <property name="customDriverName" value=""/>
    <property name="sun.io.unicode.encoding" value="UnicodeLittle"/>
    <property name="executionAddress" value="local"/>
    <property name="apiConnectionManagerTimeout" value="30"/>
    <property name="browserObjectSingleton" value="false"/>
    <property name="waitForLazyLoading" value="true"/>
    <property name="cucumber.features" value="src/test/resources"/>
    <property name="screenshotParams_whenToTakeAScreenshot" value="ValidationPointsOnly"/>
    <property name="mobile_platformName" value=""/>
    <property name="browserNavigationTimeout" value="30"/>
    <property name="scriptExecutionTimeout" value="30"/>
    <property name="webdriver.chrome.driver" value="C:\Users\Ahmed\.cache\selenium\chromedriver\win32\89.0.4389.23\chromedriver.exe"/>
    <property name="screenshotParams_highlightElements" value="true"/>
    <property name="cucumber.extraGlue" value=""/>
    <property name="MobileBrowserVersion" value="83.0.4103.39"/>
    <property name="sun.awt.enableExtraMouseButtons" value="true"/>
    <property name="java.class.path" value="C:\Users\Ahmed\git\using_SHAFT_ENGINE2\target\test-classes;C:\Users\Ahmed\git\using_SHAFT_ENGINE2\target\classes;C:\Users\Ahmed\.m2\repository\io\github\mohabmohie\SHAFT_ENGINE\4.4.20200921\SHAFT_ENGINE-4.4.20200921.jar;C:\Users\Ahmed\.m2\repository\org\testng\testng\7.3.0\testng-7.3.0.jar;C:\Users\Ahmed\.m2\repository\com\beust\jcommander\1.78\jcommander-1.78.jar;C:\Users\Ahmed\.m2\repository\org\apache\ant\ant\1.10.3\ant-1.10.3.jar;C:\Users\Ahmed\.m2\repository\org\apache\ant\ant-launcher\1.10.3\ant-launcher-1.10.3.jar;C:\Users\Ahmed\.m2\repository\junit\junit\4.12\junit-4.12.jar;C:\Users\Ahmed\.m2\repository\org\hamcrest\hamcrest-core\1.3\hamcrest-core-1.3.jar;C:\Users\Ahmed\.m2\repository\com\google\inject\guice\4.2.2\guice-4.2.2-no_aop.jar;C:\Users\Ahmed\.m2\repository\javax\inject\javax.inject\1\javax.inject-1.jar;C:\Users\Ahmed\.m2\repository\aopalliance\aopalliance\1.0\aopalliance-1.0.jar;C:\Users\Ahmed\.m2\repository\org\yaml\snakeyaml\1.21\snakeyaml-1.21.jar;C:\Users\Ahmed\.m2\repository\org\seleniumhq\selenium\selenium-java\3.141.59\selenium-java-3.141.59.jar;C:\Users\Ahmed\.m2\repository\org\seleniumhq\selenium\selenium-api\3.141.59\selenium-api-3.141.59.jar;C:\Users\Ahmed\.m2\repository\org\seleniumhq\selenium\selenium-chrome-driver\3.141.59\selenium-chrome-driver-3.141.59.jar;C:\Users\Ahmed\.m2\repository\org\seleniumhq\selenium\selenium-edge-driver\3.141.59\selenium-edge-driver-3.141.59.jar;C:\Users\Ahmed\.m2\repository\org\seleniumhq\selenium\selenium-firefox-driver\3.141.59\selenium-firefox-driver-3.141.59.jar;C:\Users\Ahmed\.m2\repository\org\seleniumhq\selenium\selenium-ie-driver\3.141.59\selenium-ie-driver-3.141.59.jar;C:\Users\Ahmed\.m2\repository\org\seleniumhq\selenium\selenium-opera-driver\3.141.59\selenium-opera-driver-3.141.59.jar;C:\Users\Ahmed\.m2\repository\org\seleniumhq\selenium\selenium-remote-driver\3.141.59\selenium-remote-driver-3.141.59.jar;C:\Users\Ahmed\.m2\repository\org\seleniumhq\selenium\selenium-safari-driver\3.141.59\selenium-safari-driver-3.141.59.jar;C:\Users\Ahmed\.m2\repository\org\seleniumhq\selenium\selenium-support\3.141.59\selenium-support-3.141.59.jar;C:\Users\Ahmed\.m2\repository\net\bytebuddy\byte-buddy\1.8.15\byte-buddy-1.8.15.jar;C:\Users\Ahmed\.m2\repository\org\apache\commons\commons-exec\1.3\commons-exec-1.3.jar;C:\Users\Ahmed\.m2\repository\com\squareup\okhttp3\okhttp\3.11.0\okhttp-3.11.0.jar;C:\Users\Ahmed\.m2\repository\com\squareup\okio\okio\1.14.0\okio-1.14.0.jar;C:\Users\Ahmed\.m2\repository\io\appium\java-client\7.3.0\java-client-7.3.0.jar;C:\Users\Ahmed\.m2\repository\com\google\code\gson\gson\2.8.5\gson-2.8.5.jar;C:\Users\Ahmed\.m2\repository\org\apache\httpcomponents\httpclient\4.5.9\httpclient-4.5.9.jar;C:\Users\Ahmed\.m2\repository\org\apache\httpcomponents\httpcore\4.4.11\httpcore-4.4.11.jar;C:\Users\Ahmed\.m2\repository\cglib\cglib\3.2.12\cglib-3.2.12.jar;C:\Users\Ahmed\.m2\repository\org\ow2\asm\asm\7.1\asm-7.1.jar;C:\Users\Ahmed\.m2\repository\commons-validator\commons-validator\1.6\commons-validator-1.6.jar;C:\Users\Ahmed\.m2\repository\commons-beanutils\commons-beanutils\1.9.2\commons-beanutils-1.9.2.jar;C:\Users\Ahmed\.m2\repository\commons-digester\commons-digester\1.8.1\commons-digester-1.8.1.jar;C:\Users\Ahmed\.m2\repository\commons-collections\commons-collections\3.2.2\commons-collections-3.2.2.jar;C:\Users\Ahmed\.m2\repository\org\apache\commons\commons-lang3\3.9\commons-lang3-3.9.jar;C:\Users\Ahmed\.m2\repository\commons-io\commons-io\2.6\commons-io-2.6.jar;C:\Users\Ahmed\.m2\repository\org\springframework\spring-context\5.1.8.RELEASE\spring-context-5.1.8.RELEASE.jar;C:\Users\Ahmed\.m2\repository\org\springframework\spring-aop\5.1.8.RELEASE\spring-aop-5.1.8.RELEASE.jar;C:\Users\Ahmed\.m2\repository\org\springframework\spring-beans\5.1.8.RELEASE\spring-beans-5.1.8.RELEASE.jar;C:\Users\Ahmed\.m2\repository\org\springframework\spring-core\5.1.8.RELEASE\spring-core-5.1.8.RELEASE.jar;C:\Users\Ahmed\.m2\repository\org\springframework\spring-jcl\5.1.8.RELEASE\spring-jcl-5.1.8.RELEASE.jar;C:\Users\Ahmed\.m2\repository\org\springframework\spring-expression\5.1.8.RELEASE\spring-expression-5.1.8.RELEASE.jar;C:\Users\Ahmed\.m2\repository\org\openpnp\opencv\4.3.0-2\opencv-4.3.0-2.jar;C:\Users\Ahmed\.m2\repository\com\applitools\eyes-images-java4\4.14.0\eyes-images-java4-4.14.0.jar;C:\Users\Ahmed\.m2\repository\com\applitools\eyes-common-java4\4.14.0\eyes-common-java4-4.14.0.jar;C:\Users\Ahmed\.m2\repository\org\imgscalr\imgscalr-lib\4.2\imgscalr-lib-4.2.jar;C:\Users\Ahmed\.m2\repository\org\brotli\dec\0.1.1\dec-0.1.1.jar;C:\Users\Ahmed\.m2\repository\com\fasterxml\jackson\core\jackson-databind\2.9.10.1\jackson-databind-2.9.10.1.jar;C:\Users\Ahmed\.m2\repository\com\fasterxml\jackson\core\jackson-annotations\2.9.10\jackson-annotations-2.9.10.jar;C:\Users\Ahmed\.m2\repository\com\fasterxml\jackson\core\jackson-core\2.9.10\jackson-core-2.9.10.jar;C:\Users\Ahmed\.m2\repository\com\helger\ph-css\6.1.1\ph-css-6.1.1.jar;C:\Users\Ahmed\.m2\repository\com\helger\ph-commons\9.0.2\ph-commons-9.0.2.jar;C:\Users\Ahmed\.m2\repository\com\applitools\eyes-sdk-core-java4\4.14.0\eyes-sdk-core-java4-4.14.0.jar;C:\Users\Ahmed\.m2\repository\com\applitools\eyes-connectivity-java4-jersey2x\4.14.0\eyes-connectivity-java4-jersey2x-4.14.0.jar;C:\Users\Ahmed\.m2\repository\org\glassfish\jersey\connectors\jersey-apache-connector\2.16\jersey-apache-connector-2.16.jar;C:\Users\Ahmed\.m2\repository\org\glassfish\jersey\core\jersey-common\2.16\jersey-common-2.16.jar;C:\Users\Ahmed\.m2\repository\javax\annotation\javax.annotation-api\1.2\javax.annotation-api-1.2.jar;C:\Users\Ahmed\.m2\repository\org\glassfish\jersey\bundles\repackaged\jersey-guava\2.16\jersey-guava-2.16.jar;C:\Users\Ahmed\.m2\repository\org\glassfish\hk2\osgi-resource-locator\1.0.1\osgi-resource-locator-1.0.1.jar;C:\Users\Ahmed\.m2\repository\javax\ws\rs\javax.ws.rs-api\2.0.1\javax.ws.rs-api-2.0.1.jar;C:\Users\Ahmed\.m2\repository\org\glassfish\jersey\core\jersey-client\2.16\jersey-client-2.16.jar;C:\Users\Ahmed\.m2\repository\org\glassfish\hk2\hk2-api\2.4.0-b09\hk2-api-2.4.0-b09.jar;C:\Users\Ahmed\.m2\repository\org\glassfish\hk2\hk2-utils\2.4.0-b09\hk2-utils-2.4.0-b09.jar;C:\Users\Ahmed\.m2\repository\org\glassfish\hk2\external\aopalliance-repackaged\2.4.0-b09\aopalliance-repackaged-2.4.0-b09.jar;C:\Users\Ahmed\.m2\repository\org\glassfish\hk2\external\javax.inject\2.4.0-b09\javax.inject-2.4.0-b09.jar;C:\Users\Ahmed\.m2\repository\org\glassfish\hk2\hk2-locator\2.4.0-b09\hk2-locator-2.4.0-b09.jar;C:\Users\Ahmed\.m2\repository\com\sikulix\sikulixapi\2.0.4\sikulixapi-2.0.4.jar;C:\Users\Ahmed\.m2\repository\com\sikulix\sikulix2tigervnc\1.1.4\sikulix2tigervnc-1.1.4.jar;C:\Users\Ahmed\.m2\repository\commons-cli\commons-cli\1.4\commons-cli-1.4.jar;C:\Users\Ahmed\.m2\repository\net\java\dev\jna\jna-platform\5.4.0\jna-platform-5.4.0.jar;C:\Users\Ahmed\.m2\repository\net\java\dev\jna\jna\5.4.0\jna-5.4.0.jar;C:\Users\Ahmed\.m2\repository\net\oneandone\reflections8\reflections8\0.11.6\reflections8-0.11.6.jar;C:\Users\Ahmed\.m2\repository\org\javassist\javassist\3.22.0-GA\javassist-3.22.0-GA.jar;C:\Users\Ahmed\.m2\repository\net\sourceforge\tess4j\tess4j\4.4.1\tess4j-4.4.1.jar;C:\Users\Ahmed\.m2\repository\com\github\jai-imageio\jai-imageio-core\1.4.0\jai-imageio-core-1.4.0.jar;C:\Users\Ahmed\.m2\repository\org\ghost4j\ghost4j\1.0.1\ghost4j-1.0.1.jar;C:\Users\Ahmed\.m2\repository\org\apache\xmlgraphics\xmlgraphics-commons\1.4\xmlgraphics-commons-1.4.jar;C:\Users\Ahmed\.m2\repository\com\lowagie\itext\2.1.7\itext-2.1.7.jar;C:\Users\Ahmed\.m2\repository\org\apache\pdfbox\pdfbox\2.0.17\pdfbox-2.0.17.jar;C:\Users\Ahmed\.m2\repository\org\apache\pdfbox\fontbox\2.0.17\fontbox-2.0.17.jar;C:\Users\Ahmed\.m2\repository\commons-logging\commons-logging\1.2\commons-logging-1.2.jar;C:\Users\Ahmed\.m2\repository\org\apache\pdfbox\pdfbox-tools\2.0.17\pdfbox-tools-2.0.17.jar;C:\Users\Ahmed\.m2\repository\org\apache\pdfbox\pdfbox-debugger\2.0.17\pdfbox-debugger-2.0.17.jar;C:\Users\Ahmed\.m2\repository\org\apache\pdfbox\jbig2-imageio\3.0.2\jbig2-imageio-3.0.2.jar;C:\Users\Ahmed\.m2\repository\net\sourceforge\lept4j\lept4j\1.12.3\lept4j-1.12.3.jar;C:\Users\Ahmed\.m2\repository\org\jboss\jboss-vfs\3.2.14.Final\jboss-vfs-3.2.14.Final.jar;C:\Users\Ahmed\.m2\repository\org\jboss\logging\jboss-logging\3.1.4.GA\jboss-logging-3.1.4.GA.jar;C:\Users\Ahmed\.m2\repository\io\github\bonigarcia\webdrivermanager\4.2.0\webdrivermanager-4.2.0.jar;C:\Users\Ahmed\.m2\repository\org\apache\httpcomponents\client5\httpclient5\5.0.1\httpclient5-5.0.1.jar;C:\Users\Ahmed\.m2\repository\org\apache\httpcomponents\core5\httpcore5\5.0.1\httpcore5-5.0.1.jar;C:\Users\Ahmed\.m2\repository\org\apache\httpcomponents\core5\httpcore5-h2\5.0.1\httpcore5-h2-5.0.1.jar;C:\Users\Ahmed\.m2\repository\org\rauschig\jarchivelib\1.0.0\jarchivelib-1.0.0.jar;C:\Users\Ahmed\.m2\repository\org\jsoup\jsoup\1.13.1\jsoup-1.13.1.jar;C:\Users\Ahmed\.m2\repository\org\apache\poi\poi\4.1.2\poi-4.1.2.jar;C:\Users\Ahmed\.m2\repository\commons-codec\commons-codec\1.13\commons-codec-1.13.jar;C:\Users\Ahmed\.m2\repository\org\apache\commons\commons-collections4\4.4\commons-collections4-4.4.jar;C:\Users\Ahmed\.m2\repository\org\apache\commons\commons-math3\3.6.1\commons-math3-3.6.1.jar;C:\Users\Ahmed\.m2\repository\com\zaxxer\SparseBitSet\1.2\SparseBitSet-1.2.jar;C:\Users\Ahmed\.m2\repository\org\apache\poi\poi-ooxml\4.1.2\poi-ooxml-4.1.2.jar;C:\Users\Ahmed\.m2\repository\org\apache\poi\poi-ooxml-schemas\4.1.2\poi-ooxml-schemas-4.1.2.jar;C:\Users\Ahmed\.m2\repository\org\apache\xmlbeans\xmlbeans\3.1.0\xmlbeans-3.1.0.jar;C:\Users\Ahmed\.m2\repository\org\apache\commons\commons-compress\1.19\commons-compress-1.19.jar;C:\Users\Ahmed\.m2\repository\com\github\virtuald\curvesapi\1.06\curvesapi-1.06.jar;C:\Users\Ahmed\.m2\repository\io\qameta\allure\allure-testng\2.13.5\allure-testng-2.13.5.jar;C:\Users\Ahmed\.m2\repository\io\qameta\allure\allure-java-commons\2.13.5\allure-java-commons-2.13.5.jar;C:\Users\Ahmed\.m2\repository\io\qameta\allure\allure-model\2.13.5\allure-model-2.13.5.jar;C:\Users\Ahmed\.m2\repository\org\apache\tika\tika-core\1.20\tika-core-1.20.jar;C:\Users\Ahmed\.m2\repository\org\jooq\joor-java-8\0.9.10\joor-java-8-0.9.10.jar;C:\Users\Ahmed\.m2\repository\org\aspectj\aspectjweaver\1.9.6\aspectjweaver-1.9.6.jar;C:\Users\Ahmed\.m2\repository\io\rest-assured\rest-assured\4.3.1\rest-assured-4.3.1.jar;C:\Users\Ahmed\.m2\repository\org\codehaus\groovy\groovy\3.0.3\groovy-3.0.3.jar;C:\Users\Ahmed\.m2\repository\org\codehaus\groovy\groovy-xml\3.0.3\groovy-xml-3.0.3.jar;C:\Users\Ahmed\.m2\repository\org\apache\httpcomponents\httpmime\4.5.3\httpmime-4.5.3.jar;C:\Users\Ahmed\.m2\repository\org\hamcrest\hamcrest\2.1\hamcrest-2.1.jar;C:\Users\Ahmed\.m2\repository\org\ccil\cowan\tagsoup\tagsoup\1.2.1\tagsoup-1.2.1.jar;C:\Users\Ahmed\.m2\repository\io\rest-assured\json-path\4.3.1\json-path-4.3.1.jar;C:\Users\Ahmed\.m2\repository\org\codehaus\groovy\groovy-json\3.0.3\groovy-json-3.0.3.jar;C:\Users\Ahmed\.m2\repository\io\rest-assured\rest-assured-common\4.3.1\rest-assured-common-4.3.1.jar;C:\Users\Ahmed\.m2\repository\io\rest-assured\xml-path\4.3.1\xml-path-4.3.1.jar;C:\Users\Ahmed\.m2\repository\jakarta\xml\bind\jakarta.xml.bind-api\2.3.3\jakarta.xml.bind-api-2.3.3.jar;C:\Users\Ahmed\.m2\repository\jakarta\activation\jakarta.activation-api\1.2.2\jakarta.activation-api-1.2.2.jar;C:\Users\Ahmed\.m2\repository\com\sun\xml\bind\jaxb-impl\2.3.3\jaxb-impl-2.3.3.jar;C:\Users\Ahmed\.m2\repository\com\googlecode\json-simple\json-simple\1.1.1\json-simple-1.1.1.jar;C:\Users\Ahmed\.m2\repository\org\skyscreamer\jsonassert\1.5.0\jsonassert-1.5.0.jar;C:\Users\Ahmed\.m2\repository\com\vaadin\external\google\android-json\0.0.20131108.vaadin1\android-json-0.0.20131108.vaadin1.jar;C:\Users\Ahmed\.m2\repository\eu\medsea\mimeutil\mime-util\2.1.3\mime-util-2.1.3.jar;C:\Users\Ahmed\.m2\repository\com\jcraft\jsch\0.1.55\jsch-0.1.55.jar;C:\Users\Ahmed\.m2\repository\com\github\cverges\expect4j\1.9\expect4j-1.9.jar;C:\Users\Ahmed\.m2\repository\org\apache\servicemix\bundles\org.apache.servicemix.bundles.oro\2.0.8_6\org.apache.servicemix.bundles.oro-2.0.8_6.jar;C:\Users\Ahmed\.m2\repository\commons-net\commons-net\3.3\commons-net-3.3.jar;C:\Users\Ahmed\.m2\repository\net\sourceforge\tcljava\com.springsource.tcl.lang.jacl\1.4.1\com.springsource.tcl.lang.jacl-1.4.1.jar;C:\Users\Ahmed\.m2\repository\net\sourceforge\tcljava\com.springsource.tcl.lang\1.4.1\com.springsource.tcl.lang-1.4.1.jar;C:\Users\Ahmed\.m2\repository\mysql\mysql-connector-java\8.0.21\mysql-connector-java-8.0.21.jar;C:\Users\Ahmed\.m2\repository\com\google\protobuf\protobuf-java\3.11.4\protobuf-java-3.11.4.jar;C:\Users\Ahmed\.m2\repository\com\microsoft\sqlserver\mssql-jdbc\8.4.1.jre14\mssql-jdbc-8.4.1.jre14.jar;C:\Users\Ahmed\.m2\repository\postgresql\postgresql\9.1-901-1.jdbc4\postgresql-9.1-901-1.jdbc4.jar;C:\Users\Ahmed\.m2\repository\com\ibm\db2\jcc\db2jcc\db2jcc4\db2jcc-db2jcc4.jar;C:\Users\Ahmed\.m2\repository\io\cucumber\cucumber-java\6.7.0\cucumber-java-6.7.0.jar;C:\Users\Ahmed\.m2\repository\io\cucumber\cucumber-core\6.7.0\cucumber-core-6.7.0.jar;C:\Users\Ahmed\.m2\repository\io\cucumber\cucumber-gherkin\6.7.0\cucumber-gherkin-6.7.0.jar;C:\Users\Ahmed\.m2\repository\io\cucumber\cucumber-gherkin-messages\6.7.0\cucumber-gherkin-messages-6.7.0.jar;C:\Users\Ahmed\.m2\repository\io\cucumber\messages\13.0.1\messages-13.0.1.jar;C:\Users\Ahmed\.m2\repository\io\cucumber\tag-expressions\3.0.0\tag-expressions-3.0.0.jar;C:\Users\Ahmed\.m2\repository\io\cucumber\cucumber-expressions\10.3.0\cucumber-expressions-10.3.0.jar;C:\Users\Ahmed\.m2\repository\io\cucumber\datatable\3.4.0\datatable-3.4.0.jar;C:\Users\Ahmed\.m2\repository\io\cucumber\cucumber-plugin\6.7.0\cucumber-plugin-6.7.0.jar;C:\Users\Ahmed\.m2\repository\io\cucumber\docstring\6.7.0\docstring-6.7.0.jar;C:\Users\Ahmed\.m2\repository\io\cucumber\html-formatter\9.0.0\html-formatter-9.0.0.jar;C:\Users\Ahmed\.m2\repository\io\cucumber\create-meta\2.0.2\create-meta-2.0.2.jar;C:\Users\Ahmed\.m2\repository\org\apiguardian\apiguardian-api\1.1.0\apiguardian-api-1.1.0.jar;C:\Users\Ahmed\.m2\repository\io\cucumber\cucumber-testng\6.7.0\cucumber-testng-6.7.0.jar;C:\Users\Ahmed\.m2\repository\io\cucumber\cucumber-picocontainer\6.7.0\cucumber-picocontainer-6.7.0.jar;C:\Users\Ahmed\.m2\repository\org\picocontainer\picocontainer\2.15\picocontainer-2.15.jar;C:\Users\Ahmed\.m2\repository\ws\schild\jave-all-deps\3.0.1\jave-all-deps-3.0.1.jar;C:\Users\Ahmed\.m2\repository\ws\schild\jave-core\3.0.1\jave-core-3.0.1.jar;C:\Users\Ahmed\.m2\repository\ws\schild\jave-nativebin-win32\3.0.1\jave-nativebin-win32-3.0.1.jar;C:\Users\Ahmed\.m2\repository\ws\schild\jave-nativebin-win64\3.0.1\jave-nativebin-win64-3.0.1.jar;C:\Users\Ahmed\.m2\repository\ws\schild\jave-nativebin-linux32\3.0.1\jave-nativebin-linux32-3.0.1.jar;C:\Users\Ahmed\.m2\repository\ws\schild\jave-nativebin-linux64\3.0.1\jave-nativebin-linux64-3.0.1.jar;C:\Users\Ahmed\.m2\repository\ws\schild\jave-nativebin-osx64\3.0.1\jave-nativebin-osx64-3.0.1.jar;C:\Users\Ahmed\.m2\repository\com\automation-remarks\video-recorder-testng\2.0\video-recorder-testng-2.0.jar;C:\Users\Ahmed\.m2\repository\com\automation-remarks\video-recorder-core\2.0\video-recorder-core-2.0.jar;C:\Users\Ahmed\.m2\repository\org\aeonbits\owner\owner-java8\1.0.10\owner-java8-1.0.10.jar;C:\Users\Ahmed\.m2\repository\org\aeonbits\owner\owner\1.0.10\owner-1.0.10.jar;C:\Users\Ahmed\.m2\repository\org\zeroturnaround\zt-exec\1.10\zt-exec-1.10.jar;C:\Users\Ahmed\.m2\repository\org\awaitility\awaitility\3.1.6\awaitility-3.1.6.jar;C:\Users\Ahmed\.m2\repository\org\hamcrest\hamcrest-library\1.3\hamcrest-library-1.3.jar;C:\Users\Ahmed\.m2\repository\org\objenesis\objenesis\2.6\objenesis-2.6.jar;C:\Users\Ahmed\.m2\repository\org\json\json\20180813\json-20180813.jar;C:\Users\Ahmed\.m2\repository\org\slf4j\slf4j-simple\1.7.30\slf4j-simple-1.7.30.jar;C:\Users\Ahmed\.m2\repository\org\slf4j\slf4j-api\1.7.30\slf4j-api-1.7.30.jar;C:\Users\Ahmed\.m2\repository\org\slf4j\log4j-over-slf4j\1.7.30\log4j-over-slf4j-1.7.30.jar;C:\Users\Ahmed\.m2\repository\com\google\guava\guava\29.0-jre\guava-29.0-jre.jar;C:\Users\Ahmed\.m2\repository\com\google\guava\failureaccess\1.0.1\failureaccess-1.0.1.jar;C:\Users\Ahmed\.m2\repository\com\google\guava\listenablefuture\9999.0-empty-to-avoid-conflict-with-guava\listenablefuture-9999.0-empty-to-avoid-conflict-with-guava.jar;C:\Users\Ahmed\.m2\repository\com\google\code\findbugs\jsr305\3.0.2\jsr305-3.0.2.jar;C:\Users\Ahmed\.m2\repository\org\checkerframework\checker-qual\2.11.1\checker-qual-2.11.1.jar;C:\Users\Ahmed\.m2\repository\com\google\errorprone\error_prone_annotations\2.3.4\error_prone_annotations-2.3.4.jar;C:\Users\Ahmed\.m2\repository\com\google\j2objc\j2objc-annotations\1.3\j2objc-annotations-1.3.jar;"/>
    <property name="org.uncommons.reportng.escape-output" value="false"/>
    <property name="java.vm.vendor" value="Oracle Corporation"/>
    <property name="openAllureReportAfterExecution" value="true"/>
    <property name="allureVersion" value="2.13.5"/>
    <property name="user.variant" value=""/>
    <property name="user.timezone" value="Africa/Cairo"/>
    <property name="downloadsFolderPath" value="target/downloadedFiles/"/>
    <property name="java.vm.specification.version" value="15"/>
    <property name="os.name" value="Windows 10"/>
    <property name="forceCheckTextWasTypedCorrectly" value="true"/>
    <property name="databaseQueryTimeout" value="30"/>
    <property name="sun.java.launcher" value="SUN_STANDARD"/>
    <property name="user.country" value="US"/>
    <property name="allure.link.issue.pattern" value=""/>
    <property name="surefire.test.class.path" value="C:\Users\Ahmed\git\using_SHAFT_ENGINE2\target\test-classes;C:\Users\Ahmed\git\using_SHAFT_ENGINE2\target\classes;C:\Users\Ahmed\.m2\repository\io\github\mohabmohie\SHAFT_ENGINE\4.4.20200921\SHAFT_ENGINE-4.4.20200921.jar;C:\Users\Ahmed\.m2\repository\org\testng\testng\7.3.0\testng-7.3.0.jar;C:\Users\Ahmed\.m2\repository\com\beust\jcommander\1.78\jcommander-1.78.jar;C:\Users\Ahmed\.m2\repository\org\apache\ant\ant\1.10.3\ant-1.10.3.jar;C:\Users\Ahmed\.m2\repository\org\apache\ant\ant-launcher\1.10.3\ant-launcher-1.10.3.jar;C:\Users\Ahmed\.m2\repository\junit\junit\4.12\junit-4.12.jar;C:\Users\Ahmed\.m2\repository\org\hamcrest\hamcrest-core\1.3\hamcrest-core-1.3.jar;C:\Users\Ahmed\.m2\repository\com\google\inject\guice\4.2.2\guice-4.2.2-no_aop.jar;C:\Users\Ahmed\.m2\repository\javax\inject\javax.inject\1\javax.inject-1.jar;C:\Users\Ahmed\.m2\repository\aopalliance\aopalliance\1.0\aopalliance-1.0.jar;C:\Users\Ahmed\.m2\repository\org\yaml\snakeyaml\1.21\snakeyaml-1.21.jar;C:\Users\Ahmed\.m2\repository\org\seleniumhq\selenium\selenium-java\3.141.59\selenium-java-3.141.59.jar;C:\Users\Ahmed\.m2\repository\org\seleniumhq\selenium\selenium-api\3.141.59\selenium-api-3.141.59.jar;C:\Users\Ahmed\.m2\repository\org\seleniumhq\selenium\selenium-chrome-driver\3.141.59\selenium-chrome-driver-3.141.59.jar;C:\Users\Ahmed\.m2\repository\org\seleniumhq\selenium\selenium-edge-driver\3.141.59\selenium-edge-driver-3.141.59.jar;C:\Users\Ahmed\.m2\repository\org\seleniumhq\selenium\selenium-firefox-driver\3.141.59\selenium-firefox-driver-3.141.59.jar;C:\Users\Ahmed\.m2\repository\org\seleniumhq\selenium\selenium-ie-driver\3.141.59\selenium-ie-driver-3.141.59.jar;C:\Users\Ahmed\.m2\repository\org\seleniumhq\selenium\selenium-opera-driver\3.141.59\selenium-opera-driver-3.141.59.jar;C:\Users\Ahmed\.m2\repository\org\seleniumhq\selenium\selenium-remote-driver\3.141.59\selenium-remote-driver-3.141.59.jar;C:\Users\Ahmed\.m2\repository\org\seleniumhq\selenium\selenium-safari-driver\3.141.59\selenium-safari-driver-3.141.59.jar;C:\Users\Ahmed\.m2\repository\org\seleniumhq\selenium\selenium-support\3.141.59\selenium-support-3.141.59.jar;C:\Users\Ahmed\.m2\repository\net\bytebuddy\byte-buddy\1.8.15\byte-buddy-1.8.15.jar;C:\Users\Ahmed\.m2\repository\org\apache\commons\commons-exec\1.3\commons-exec-1.3.jar;C:\Users\Ahmed\.m2\repository\com\squareup\okhttp3\okhttp\3.11.0\okhttp-3.11.0.jar;C:\Users\Ahmed\.m2\repository\com\squareup\okio\okio\1.14.0\okio-1.14.0.jar;C:\Users\Ahmed\.m2\repository\io\appium\java-client\7.3.0\java-client-7.3.0.jar;C:\Users\Ahmed\.m2\repository\com\google\code\gson\gson\2.8.5\gson-2.8.5.jar;C:\Users\Ahmed\.m2\repository\org\apache\httpcomponents\httpclient\4.5.9\httpclient-4.5.9.jar;C:\Users\Ahmed\.m2\repository\org\apache\httpcomponents\httpcore\4.4.11\httpcore-4.4.11.jar;C:\Users\Ahmed\.m2\repository\cglib\cglib\3.2.12\cglib-3.2.12.jar;C:\Users\Ahmed\.m2\repository\org\ow2\asm\asm\7.1\asm-7.1.jar;C:\Users\Ahmed\.m2\repository\commons-validator\commons-validator\1.6\commons-validator-1.6.jar;C:\Users\Ahmed\.m2\repository\commons-beanutils\commons-beanutils\1.9.2\commons-beanutils-1.9.2.jar;C:\Users\Ahmed\.m2\repository\commons-digester\commons-digester\1.8.1\commons-digester-1.8.1.jar;C:\Users\Ahmed\.m2\repository\commons-collections\commons-collections\3.2.2\commons-collections-3.2.2.jar;C:\Users\Ahmed\.m2\repository\org\apache\commons\commons-lang3\3.9\commons-lang3-3.9.jar;C:\Users\Ahmed\.m2\repository\commons-io\commons-io\2.6\commons-io-2.6.jar;C:\Users\Ahmed\.m2\repository\org\springframework\spring-context\5.1.8.RELEASE\spring-context-5.1.8.RELEASE.jar;C:\Users\Ahmed\.m2\repository\org\springframework\spring-aop\5.1.8.RELEASE\spring-aop-5.1.8.RELEASE.jar;C:\Users\Ahmed\.m2\repository\org\springframework\spring-beans\5.1.8.RELEASE\spring-beans-5.1.8.RELEASE.jar;C:\Users\Ahmed\.m2\repository\org\springframework\spring-core\5.1.8.RELEASE\spring-core-5.1.8.RELEASE.jar;C:\Users\Ahmed\.m2\repository\org\springframework\spring-jcl\5.1.8.RELEASE\spring-jcl-5.1.8.RELEASE.jar;C:\Users\Ahmed\.m2\repository\org\springframework\spring-expression\5.1.8.RELEASE\spring-expression-5.1.8.RELEASE.jar;C:\Users\Ahmed\.m2\repository\org\openpnp\opencv\4.3.0-2\opencv-4.3.0-2.jar;C:\Users\Ahmed\.m2\repository\com\applitools\eyes-images-java4\4.14.0\eyes-images-java4-4.14.0.jar;C:\Users\Ahmed\.m2\repository\com\applitools\eyes-common-java4\4.14.0\eyes-common-java4-4.14.0.jar;C:\Users\Ahmed\.m2\repository\org\imgscalr\imgscalr-lib\4.2\imgscalr-lib-4.2.jar;C:\Users\Ahmed\.m2\repository\org\brotli\dec\0.1.1\dec-0.1.1.jar;C:\Users\Ahmed\.m2\repository\com\fasterxml\jackson\core\jackson-databind\2.9.10.1\jackson-databind-2.9.10.1.jar;C:\Users\Ahmed\.m2\repository\com\fasterxml\jackson\core\jackson-annotations\2.9.10\jackson-annotations-2.9.10.jar;C:\Users\Ahmed\.m2\repository\com\fasterxml\jackson\core\jackson-core\2.9.10\jackson-core-2.9.10.jar;C:\Users\Ahmed\.m2\repository\com\helger\ph-css\6.1.1\ph-css-6.1.1.jar;C:\Users\Ahmed\.m2\repository\com\helger\ph-commons\9.0.2\ph-commons-9.0.2.jar;C:\Users\Ahmed\.m2\repository\com\applitools\eyes-sdk-core-java4\4.14.0\eyes-sdk-core-java4-4.14.0.jar;C:\Users\Ahmed\.m2\repository\com\applitools\eyes-connectivity-java4-jersey2x\4.14.0\eyes-connectivity-java4-jersey2x-4.14.0.jar;C:\Users\Ahmed\.m2\repository\org\glassfish\jersey\connectors\jersey-apache-connector\2.16\jersey-apache-connector-2.16.jar;C:\Users\Ahmed\.m2\repository\org\glassfish\jersey\core\jersey-common\2.16\jersey-common-2.16.jar;C:\Users\Ahmed\.m2\repository\javax\annotation\javax.annotation-api\1.2\javax.annotation-api-1.2.jar;C:\Users\Ahmed\.m2\repository\org\glassfish\jersey\bundles\repackaged\jersey-guava\2.16\jersey-guava-2.16.jar;C:\Users\Ahmed\.m2\repository\org\glassfish\hk2\osgi-resource-locator\1.0.1\osgi-resource-locator-1.0.1.jar;C:\Users\Ahmed\.m2\repository\javax\ws\rs\javax.ws.rs-api\2.0.1\javax.ws.rs-api-2.0.1.jar;C:\Users\Ahmed\.m2\repository\org\glassfish\jersey\core\jersey-client\2.16\jersey-client-2.16.jar;C:\Users\Ahmed\.m2\repository\org\glassfish\hk2\hk2-api\2.4.0-b09\hk2-api-2.4.0-b09.jar;C:\Users\Ahmed\.m2\repository\org\glassfish\hk2\hk2-utils\2.4.0-b09\hk2-utils-2.4.0-b09.jar;C:\Users\Ahmed\.m2\repository\org\glassfish\hk2\external\aopalliance-repackaged\2.4.0-b09\aopalliance-repackaged-2.4.0-b09.jar;C:\Users\Ahmed\.m2\repository\org\glassfish\hk2\external\javax.inject\2.4.0-b09\javax.inject-2.4.0-b09.jar;C:\Users\Ahmed\.m2\repository\org\glassfish\hk2\hk2-locator\2.4.0-b09\hk2-locator-2.4.0-b09.jar;C:\Users\Ahmed\.m2\repository\com\sikulix\sikulixapi\2.0.4\sikulixapi-2.0.4.jar;C:\Users\Ahmed\.m2\repository\com\sikulix\sikulix2tigervnc\1.1.4\sikulix2tigervnc-1.1.4.jar;C:\Users\Ahmed\.m2\repository\commons-cli\commons-cli\1.4\commons-cli-1.4.jar;C:\Users\Ahmed\.m2\repository\net\java\dev\jna\jna-platform\5.4.0\jna-platform-5.4.0.jar;C:\Users\Ahmed\.m2\repository\net\java\dev\jna\jna\5.4.0\jna-5.4.0.jar;C:\Users\Ahmed\.m2\repository\net\oneandone\reflections8\reflections8\0.11.6\reflections8-0.11.6.jar;C:\Users\Ahmed\.m2\repository\org\javassist\javassist\3.22.0-GA\javassist-3.22.0-GA.jar;C:\Users\Ahmed\.m2\repository\net\sourceforge\tess4j\tess4j\4.4.1\tess4j-4.4.1.jar;C:\Users\Ahmed\.m2\repository\com\github\jai-imageio\jai-imageio-core\1.4.0\jai-imageio-core-1.4.0.jar;C:\Users\Ahmed\.m2\repository\org\ghost4j\ghost4j\1.0.1\ghost4j-1.0.1.jar;C:\Users\Ahmed\.m2\repository\org\apache\xmlgraphics\xmlgraphics-commons\1.4\xmlgraphics-commons-1.4.jar;C:\Users\Ahmed\.m2\repository\com\lowagie\itext\2.1.7\itext-2.1.7.jar;C:\Users\Ahmed\.m2\repository\org\apache\pdfbox\pdfbox\2.0.17\pdfbox-2.0.17.jar;C:\Users\Ahmed\.m2\repository\org\apache\pdfbox\fontbox\2.0.17\fontbox-2.0.17.jar;C:\Users\Ahmed\.m2\repository\commons-logging\commons-logging\1.2\commons-logging-1.2.jar;C:\Users\Ahmed\.m2\repository\org\apache\pdfbox\pdfbox-tools\2.0.17\pdfbox-tools-2.0.17.jar;C:\Users\Ahmed\.m2\repository\org\apache\pdfbox\pdfbox-debugger\2.0.17\pdfbox-debugger-2.0.17.jar;C:\Users\Ahmed\.m2\repository\org\apache\pdfbox\jbig2-imageio\3.0.2\jbig2-imageio-3.0.2.jar;C:\Users\Ahmed\.m2\repository\net\sourceforge\lept4j\lept4j\1.12.3\lept4j-1.12.3.jar;C:\Users\Ahmed\.m2\repository\org\jboss\jboss-vfs\3.2.14.Final\jboss-vfs-3.2.14.Final.jar;C:\Users\Ahmed\.m2\repository\org\jboss\logging\jboss-logging\3.1.4.GA\jboss-logging-3.1.4.GA.jar;C:\Users\Ahmed\.m2\repository\io\github\bonigarcia\webdrivermanager\4.2.0\webdrivermanager-4.2.0.jar;C:\Users\Ahmed\.m2\repository\org\apache\httpcomponents\client5\httpclient5\5.0.1\httpclient5-5.0.1.jar;C:\Users\Ahmed\.m2\repository\org\apache\httpcomponents\core5\httpcore5\5.0.1\httpcore5-5.0.1.jar;C:\Users\Ahmed\.m2\repository\org\apache\httpcomponents\core5\httpcore5-h2\5.0.1\httpcore5-h2-5.0.1.jar;C:\Users\Ahmed\.m2\repository\org\rauschig\jarchivelib\1.0.0\jarchivelib-1.0.0.jar;C:\Users\Ahmed\.m2\repository\org\jsoup\jsoup\1.13.1\jsoup-1.13.1.jar;C:\Users\Ahmed\.m2\repository\org\apache\poi\poi\4.1.2\poi-4.1.2.jar;C:\Users\Ahmed\.m2\repository\commons-codec\commons-codec\1.13\commons-codec-1.13.jar;C:\Users\Ahmed\.m2\repository\org\apache\commons\commons-collections4\4.4\commons-collections4-4.4.jar;C:\Users\Ahmed\.m2\repository\org\apache\commons\commons-math3\3.6.1\commons-math3-3.6.1.jar;C:\Users\Ahmed\.m2\repository\com\zaxxer\SparseBitSet\1.2\SparseBitSet-1.2.jar;C:\Users\Ahmed\.m2\repository\org\apache\poi\poi-ooxml\4.1.2\poi-ooxml-4.1.2.jar;C:\Users\Ahmed\.m2\repository\org\apache\poi\poi-ooxml-schemas\4.1.2\poi-ooxml-schemas-4.1.2.jar;C:\Users\Ahmed\.m2\repository\org\apache\xmlbeans\xmlbeans\3.1.0\xmlbeans-3.1.0.jar;C:\Users\Ahmed\.m2\repository\org\apache\commons\commons-compress\1.19\commons-compress-1.19.jar;C:\Users\Ahmed\.m2\repository\com\github\virtuald\curvesapi\1.06\curvesapi-1.06.jar;C:\Users\Ahmed\.m2\repository\io\qameta\allure\allure-testng\2.13.5\allure-testng-2.13.5.jar;C:\Users\Ahmed\.m2\repository\io\qameta\allure\allure-java-commons\2.13.5\allure-java-commons-2.13.5.jar;C:\Users\Ahmed\.m2\repository\io\qameta\allure\allure-model\2.13.5\allure-model-2.13.5.jar;C:\Users\Ahmed\.m2\repository\org\apache\tika\tika-core\1.20\tika-core-1.20.jar;C:\Users\Ahmed\.m2\repository\org\jooq\joor-java-8\0.9.10\joor-java-8-0.9.10.jar;C:\Users\Ahmed\.m2\repository\org\aspectj\aspectjweaver\1.9.6\aspectjweaver-1.9.6.jar;C:\Users\Ahmed\.m2\repository\io\rest-assured\rest-assured\4.3.1\rest-assured-4.3.1.jar;C:\Users\Ahmed\.m2\repository\org\codehaus\groovy\groovy\3.0.3\groovy-3.0.3.jar;C:\Users\Ahmed\.m2\repository\org\codehaus\groovy\groovy-xml\3.0.3\groovy-xml-3.0.3.jar;C:\Users\Ahmed\.m2\repository\org\apache\httpcomponents\httpmime\4.5.3\httpmime-4.5.3.jar;C:\Users\Ahmed\.m2\repository\org\hamcrest\hamcrest\2.1\hamcrest-2.1.jar;C:\Users\Ahmed\.m2\repository\org\ccil\cowan\tagsoup\tagsoup\1.2.1\tagsoup-1.2.1.jar;C:\Users\Ahmed\.m2\repository\io\rest-assured\json-path\4.3.1\json-path-4.3.1.jar;C:\Users\Ahmed\.m2\repository\org\codehaus\groovy\groovy-json\3.0.3\groovy-json-3.0.3.jar;C:\Users\Ahmed\.m2\repository\io\rest-assured\rest-assured-common\4.3.1\rest-assured-common-4.3.1.jar;C:\Users\Ahmed\.m2\repository\io\rest-assured\xml-path\4.3.1\xml-path-4.3.1.jar;C:\Users\Ahmed\.m2\repository\jakarta\xml\bind\jakarta.xml.bind-api\2.3.3\jakarta.xml.bind-api-2.3.3.jar;C:\Users\Ahmed\.m2\repository\jakarta\activation\jakarta.activation-api\1.2.2\jakarta.activation-api-1.2.2.jar;C:\Users\Ahmed\.m2\repository\com\sun\xml\bind\jaxb-impl\2.3.3\jaxb-impl-2.3.3.jar;C:\Users\Ahmed\.m2\repository\com\googlecode\json-simple\json-simple\1.1.1\json-simple-1.1.1.jar;C:\Users\Ahmed\.m2\repository\org\skyscreamer\jsonassert\1.5.0\jsonassert-1.5.0.jar;C:\Users\Ahmed\.m2\repository\com\vaadin\external\google\android-json\0.0.20131108.vaadin1\android-json-0.0.20131108.vaadin1.jar;C:\Users\Ahmed\.m2\repository\eu\medsea\mimeutil\mime-util\2.1.3\mime-util-2.1.3.jar;C:\Users\Ahmed\.m2\repository\com\jcraft\jsch\0.1.55\jsch-0.1.55.jar;C:\Users\Ahmed\.m2\repository\com\github\cverges\expect4j\1.9\expect4j-1.9.jar;C:\Users\Ahmed\.m2\repository\org\apache\servicemix\bundles\org.apache.servicemix.bundles.oro\2.0.8_6\org.apache.servicemix.bundles.oro-2.0.8_6.jar;C:\Users\Ahmed\.m2\repository\commons-net\commons-net\3.3\commons-net-3.3.jar;C:\Users\Ahmed\.m2\repository\net\sourceforge\tcljava\com.springsource.tcl.lang.jacl\1.4.1\com.springsource.tcl.lang.jacl-1.4.1.jar;C:\Users\Ahmed\.m2\repository\net\sourceforge\tcljava\com.springsource.tcl.lang\1.4.1\com.springsource.tcl.lang-1.4.1.jar;C:\Users\Ahmed\.m2\repository\mysql\mysql-connector-java\8.0.21\mysql-connector-java-8.0.21.jar;C:\Users\Ahmed\.m2\repository\com\google\protobuf\protobuf-java\3.11.4\protobuf-java-3.11.4.jar;C:\Users\Ahmed\.m2\repository\com\microsoft\sqlserver\mssql-jdbc\8.4.1.jre14\mssql-jdbc-8.4.1.jre14.jar;C:\Users\Ahmed\.m2\repository\postgresql\postgresql\9.1-901-1.jdbc4\postgresql-9.1-901-1.jdbc4.jar;C:\Users\Ahmed\.m2\repository\com\ibm\db2\jcc\db2jcc\db2jcc4\db2jcc-db2jcc4.jar;C:\Users\Ahmed\.m2\repository\io\cucumber\cucumber-java\6.7.0\cucumber-java-6.7.0.jar;C:\Users\Ahmed\.m2\repository\io\cucumber\cucumber-core\6.7.0\cucumber-core-6.7.0.jar;C:\Users\Ahmed\.m2\repository\io\cucumber\cucumber-gherkin\6.7.0\cucumber-gherkin-6.7.0.jar;C:\Users\Ahmed\.m2\repository\io\cucumber\cucumber-gherkin-messages\6.7.0\cucumber-gherkin-messages-6.7.0.jar;C:\Users\Ahmed\.m2\repository\io\cucumber\messages\13.0.1\messages-13.0.1.jar;C:\Users\Ahmed\.m2\repository\io\cucumber\tag-expressions\3.0.0\tag-expressions-3.0.0.jar;C:\Users\Ahmed\.m2\repository\io\cucumber\cucumber-expressions\10.3.0\cucumber-expressions-10.3.0.jar;C:\Users\Ahmed\.m2\repository\io\cucumber\datatable\3.4.0\datatable-3.4.0.jar;C:\Users\Ahmed\.m2\repository\io\cucumber\cucumber-plugin\6.7.0\cucumber-plugin-6.7.0.jar;C:\Users\Ahmed\.m2\repository\io\cucumber\docstring\6.7.0\docstring-6.7.0.jar;C:\Users\Ahmed\.m2\repository\io\cucumber\html-formatter\9.0.0\html-formatter-9.0.0.jar;C:\Users\Ahmed\.m2\repository\io\cucumber\create-meta\2.0.2\create-meta-2.0.2.jar;C:\Users\Ahmed\.m2\repository\org\apiguardian\apiguardian-api\1.1.0\apiguardian-api-1.1.0.jar;C:\Users\Ahmed\.m2\repository\io\cucumber\cucumber-testng\6.7.0\cucumber-testng-6.7.0.jar;C:\Users\Ahmed\.m2\repository\io\cucumber\cucumber-picocontainer\6.7.0\cucumber-picocontainer-6.7.0.jar;C:\Users\Ahmed\.m2\repository\org\picocontainer\picocontainer\2.15\picocontainer-2.15.jar;C:\Users\Ahmed\.m2\repository\ws\schild\jave-all-deps\3.0.1\jave-all-deps-3.0.1.jar;C:\Users\Ahmed\.m2\repository\ws\schild\jave-core\3.0.1\jave-core-3.0.1.jar;C:\Users\Ahmed\.m2\repository\ws\schild\jave-nativebin-win32\3.0.1\jave-nativebin-win32-3.0.1.jar;C:\Users\Ahmed\.m2\repository\ws\schild\jave-nativebin-win64\3.0.1\jave-nativebin-win64-3.0.1.jar;C:\Users\Ahmed\.m2\repository\ws\schild\jave-nativebin-linux32\3.0.1\jave-nativebin-linux32-3.0.1.jar;C:\Users\Ahmed\.m2\repository\ws\schild\jave-nativebin-linux64\3.0.1\jave-nativebin-linux64-3.0.1.jar;C:\Users\Ahmed\.m2\repository\ws\schild\jave-nativebin-osx64\3.0.1\jave-nativebin-osx64-3.0.1.jar;C:\Users\Ahmed\.m2\repository\com\automation-remarks\video-recorder-testng\2.0\video-recorder-testng-2.0.jar;C:\Users\Ahmed\.m2\repository\com\automation-remarks\video-recorder-core\2.0\video-recorder-core-2.0.jar;C:\Users\Ahmed\.m2\repository\org\aeonbits\owner\owner-java8\1.0.10\owner-java8-1.0.10.jar;C:\Users\Ahmed\.m2\repository\org\aeonbits\owner\owner\1.0.10\owner-1.0.10.jar;C:\Users\Ahmed\.m2\repository\org\zeroturnaround\zt-exec\1.10\zt-exec-1.10.jar;C:\Users\Ahmed\.m2\repository\org\awaitility\awaitility\3.1.6\awaitility-3.1.6.jar;C:\Users\Ahmed\.m2\repository\org\hamcrest\hamcrest-library\1.3\hamcrest-library-1.3.jar;C:\Users\Ahmed\.m2\repository\org\objenesis\objenesis\2.6\objenesis-2.6.jar;C:\Users\Ahmed\.m2\repository\org\json\json\20180813\json-20180813.jar;C:\Users\Ahmed\.m2\repository\org\slf4j\slf4j-simple\1.7.30\slf4j-simple-1.7.30.jar;C:\Users\Ahmed\.m2\repository\org\slf4j\slf4j-api\1.7.30\slf4j-api-1.7.30.jar;C:\Users\Ahmed\.m2\repository\org\slf4j\log4j-over-slf4j\1.7.30\log4j-over-slf4j-1.7.30.jar;C:\Users\Ahmed\.m2\repository\com\google\guava\guava\29.0-jre\guava-29.0-jre.jar;C:\Users\Ahmed\.m2\repository\com\google\guava\failureaccess\1.0.1\failureaccess-1.0.1.jar;C:\Users\Ahmed\.m2\repository\com\google\guava\listenablefuture\9999.0-empty-to-avoid-conflict-with-guava\listenablefuture-9999.0-empty-to-avoid-conflict-with-guava.jar;C:\Users\Ahmed\.m2\repository\com\google\code\findbugs\jsr305\3.0.2\jsr305-3.0.2.jar;C:\Users\Ahmed\.m2\repository\org\checkerframework\checker-qual\2.11.1\checker-qual-2.11.1.jar;C:\Users\Ahmed\.m2\repository\com\google\errorprone\error_prone_annotations\2.3.4\error_prone_annotations-2.3.4.jar;C:\Users\Ahmed\.m2\repository\com\google\j2objc\j2objc-annotations\1.3\j2objc-annotations-1.3.jar;"/>
    <property name="apiSocketTimeout" value="30"/>
    <property name="sun.cpu.endian" value="little"/>
    <property name="user.home" value="C:\Users\Ahmed"/>
    <property name="mobile_automationName" value="Appium"/>
    <property name="user.language" value="en"/>
    <property name="recordVideo" value="true"/>
    <property name="setThreadCount" value="1"/>
    <property name="allure.link.tms.pattern" value=""/>
    <property name="setGroupByInstances" value="true"/>
    <property name="mobile_platformVersion" value="10.0"/>
    <property name="createAnimatedGif" value="true"/>
    <property name="screenshotParams_screenshotType" value="Regular"/>
    <property name="debugMode" value="false"/>
    <property name="surefire.real.class.path" value="C:\Users\Ahmed\AppData\Local\Temp\surefire13965130552287876484\surefirebooter11710847329389215795.jar"/>
    <property name="shellSessionTimeout" value="30"/>
    <property name="applitoolsApiKey" value=""/>
    <property name="cucumber.plugin" value="pretty, html:allure-results/cucumberReport.html, com.shaft.tools.listeners.CucumberFeatureListener"/>
    <property name="jsonFolderPath" value="src/test/resources/TestJsonFiles/"/>
    <property name="path.separator" value=";"/>
    <property name="screenshotParams_skippedElementsFromScreenshot" value=""/>
    <property name="os.version" value="10.0"/>
    <property name="java.runtime.name" value="Java(TM) SE Runtime Environment"/>
    <property name="pageLoadTimeout" value="30"/>
    <property name="screenshotParams_highlightMethod" value="AI"/>
    <property name="aiPoweredSelfHealingElementIdentification" value="false"/>
    <property name="java.vm.name" value="Java HotSpot(TM) 64-Bit Server VM"/>
    <property name="apiConnectionTimeout" value="30"/>
    <property name="java.vendor.url.bug" value="https://bugreport.java.com/bugreport/"/>
    <property name="animatedGif_frameDelay" value="500"/>
    <property name="cucumber.filter.tags" value=""/>
    <property name="user.dir" value="C:\Users\Ahmed\git\using_SHAFT_ENGINE2"/>
    <property name="forceCheckElementLocatorIsUnique" value="true"/>
    <property name="os.arch" value="amd64"/>
    <property name="setVerbose" value="1"/>
    <property name="customDriverPath" value=""/>
    <property name="setParallel" value="NONE"/>
    <property name="video.mode" value="ALL"/>
    <property name="mobile_deviceName" value="Android Emulator"/>
    <property name="setDataProviderThreadCount" value="1"/>
    <property name="java.vm.info" value="mixed mode, sharing"/>
    <property name="java.vm.version" value="15.0.2+7-27"/>
    <property name="cucumber.glue" value="com.shaft.cucumber"/>
    <property name="java.class.version" value="59.0"/>
    <property name="video.folder" value="allure-results/videos"/>
  </properties>
  <testcase name="login1st" classname="tests.gui.NewTest" time="10.307">
    <system-out><![CDATA[
################################################################################################################################################
Detected SHAFT Engine Version: [SHAFT Engine v4.3]
################################################################################################################################################

################################################################################################################################################
Starting Execution of a Configuration (Setup or Teardown) Method
Test Method:		[tests.gui.NewTest.beforeMethod]
################################################################################################################################################
[ReportManager] Attempting to run locally on: [Windows-64], [GoogleChrome]. @29-03-2021 23:08:39.0651 PM
[ReportManager] Identifying OS/Browser combination and selecting the correct driver version automatically. Please note that if a new driver executable will be downloaded it may take some time... @29-03-2021 23:08:39.0654 PM
[ReportManager] Successfully Opened Google Chrome. @29-03-2021 23:08:42.0094 PM
[ReportManager] Browser Action [navigateToURL] successfully performed. With the following test data [https://playwin.live/ar]. @29-03-2021 23:08:48.0092 PM
[ReportManager] Successfully created attachment [Video Recording - beforeMethod] @29-03-2021 23:08:49.0936 PM
[ReportManager] Successfully created attachment [Animated Gif - beforeMethod] @29-03-2021 23:08:49.0938 PM
[ReportManager] Successfully created attachment [SHAFT Engine Logs - Current Method log: beforeMethod] @29-03-2021 23:08:49.0939 PM

################################################################################################################################################
Starting Execution:	[1 out of 3] test cases in the current suite
Test Method:		[tests.gui.NewTest.login1st]
################################################################################################################################################
[ReportManager] Element Action [type] successfully performed. With the following test data [t@g.com]. @29-03-2021 23:08:50.0268 PM
[ReportManager] Element Action [type] successfully performed. With the following test data [test123123]. @29-03-2021 23:08:50.0480 PM
[ReportManager] Element Action [click] successfully performed. With the following test data [تسجيل الدخول]. @29-03-2021 23:08:54.0977 PM
[ReportManager] Element Action [click] successfully performed. With the following test data [×]. @29-03-2021 23:08:57.0675 PM
 this is topics 502600
[ReportManager] Successfully created attachment [Video Recording - login1st] @29-03-2021 23:09:00.0490 PM
[ReportManager] Successfully created attachment [Animated Gif - login1st] @29-03-2021 23:09:00.0493 PM
[ReportManager] Successfully created attachment [SHAFT Engine Logs - Current Method log: login1st] @29-03-2021 23:09:00.0494 PM
]]></system-out>
    <system-err><![CDATA[[main] INFO com.shaft.tools.io.ReportManager - [ReportManager] Reading properties directory: src/test/resources/Properties @29-03-2021 23:08:39.0129 PM
[main] INFO com.shaft.tools.io.ReportManager - [ReportManager] File Action [doesFileExist] successfully performed. With the following test data [File Path: "src/test/resources/Properties"]. @29-03-2021 23:08:39.0142 PM
[main] INFO com.shaft.tools.io.ReportManager - [ReportManager] Loading properties file: src\test\resources\Properties\ExecutionPlatform.properties @29-03-2021 23:08:39.0158 PM
[main] INFO com.shaft.tools.io.ReportManager - [ReportManager] Reading properties directory: file:/C:/Users/Ahmed/.m2/repository/io/github/mohabmohie/SHAFT_ENGINE/4.4.20200921/SHAFT_ENGINE-4.4.20200921.jar!/resources/defaultProperties/ @29-03-2021 23:08:39.0159 PM
[main] INFO com.shaft.tools.io.ReportManager - [ReportManager] File Action [unpackArchive] successfully performed. With the following test data [Target File"C:\Users\Ahmed\git\using_SHAFT_ENGINE2\target\arc14953532776596680483.zip" | Destination Folder: "target"]. @29-03-2021 23:08:39.0218 PM
[main] INFO com.shaft.tools.io.ReportManager - [ReportManager] File Action [deleteFile] successfully performed. With the following test data [Target File Path: "C:\Users\Ahmed\git\using_SHAFT_ENGINE2\target\arc14953532776596680483.zip"]. @29-03-2021 23:08:39.0219 PM
[main] INFO com.shaft.tools.io.ReportManager - [ReportManager] File Action [unpackArchive] successfully performed. With the following test data [Target URL"file:/C:/Users/Ahmed/.m2/repository/io/github/mohabmohie/SHAFT_ENGINE/4.4.20200921/SHAFT_ENGINE-4.4.20200921.jar" | Destination Folder: "target/"]. @29-03-2021 23:08:39.0220 PM
[main] INFO com.shaft.tools.io.ReportManager - [ReportManager] File Action [doesFileExist] successfully performed. With the following test data [File Path: "target/resources/defaultProperties/"]. @29-03-2021 23:08:39.0220 PM
[main] INFO com.shaft.tools.io.ReportManager - [ReportManager] Loading properties file: target\resources\defaultProperties\cucumber.properties @29-03-2021 23:08:39.0221 PM
[main] INFO com.shaft.tools.io.ReportManager - [ReportManager] Loading properties file: target\resources\defaultProperties\ExecutionPlatform.properties @29-03-2021 23:08:39.0222 PM
[main] INFO com.shaft.tools.io.ReportManager - [ReportManager] Loading properties file: target\resources\defaultProperties\internal.properties @29-03-2021 23:08:39.0223 PM
[main] INFO com.shaft.tools.io.ReportManager - [ReportManager] Loading properties file: target\resources\defaultProperties\mobile.properties @29-03-2021 23:08:39.0223 PM
[main] INFO com.shaft.tools.io.ReportManager - [ReportManager] Loading properties file: target\resources\defaultProperties\path.properties @29-03-2021 23:08:39.0223 PM
[main] INFO com.shaft.tools.io.ReportManager - [ReportManager] Loading properties file: target\resources\defaultProperties\pattern.properties @29-03-2021 23:08:39.0224 PM
[main] INFO com.shaft.tools.io.ReportManager - [ReportManager] Loading properties file: target\resources\defaultProperties\PlatformFlags.properties @29-03-2021 23:08:39.0224 PM
[main] INFO com.shaft.tools.io.ReportManager - [ReportManager] Loading properties file: target\resources\defaultProperties\Reporting.properties @29-03-2021 23:08:39.0225 PM
[main] INFO com.shaft.tools.io.ReportManager - [ReportManager] Loading properties file: target\resources\defaultProperties\testNG.properties @29-03-2021 23:08:39.0225 PM
[main] INFO com.shaft.tools.io.ReportManager - [ReportManager] Loading properties file: target\resources\defaultProperties\Timeouts.properties @29-03-2021 23:08:39.0225 PM
[main] INFO com.shaft.tools.io.ReportManager - [ReportManager] Loading properties file: target\resources\defaultProperties\video.properties @29-03-2021 23:08:39.0226 PM
[main] INFO com.shaft.tools.io.ReportManager - [ReportManager] Loading properties file: target\resources\defaultProperties\VisualValidations.properties @29-03-2021 23:08:39.0226 PM
[main] INFO com.shaft.tools.io.ReportManager - [ReportManager] File Action [doesFileExist] successfully performed. With the following test data [File Path: "src/test/resources/Properties/ExecutionPlatform.properties"]. @29-03-2021 23:08:39.0370 PM
[main] INFO com.shaft.tools.io.ReportManager - [ReportManager] Preparing Allure Reporting Environment... @29-03-2021 23:08:39.0371 PM
[main] INFO com.shaft.tools.io.ReportManager - [ReportManager] File Action [deleteFolder] successfully performed. With the following test data [Target Folder: "allure-results"]. @29-03-2021 23:08:39.0391 PM
[main] INFO com.shaft.tools.io.ReportManager - [ReportManager] File Action [doesFileExist] successfully performed. With the following test data [File Path: "C:\Users\Ahmed\.m2\repository\allure\allure-2.13.5\bin\allure"]. @29-03-2021 23:08:39.0394 PM
[main] INFO com.shaft.tools.io.ReportManager - [ReportManager] File Action [getAbsolutePath] successfully performed. With the following test data [Relative File Path: "generate_allure_report.bat"]. @29-03-2021 23:08:39.0394 PM
[main] INFO com.shaft.tools.io.ReportManager - [ReportManager] File Action [writeToFile] successfully performed. With the following test data [Target File Path: "C:\Users\Ahmed\git\using_SHAFT_ENGINE2\generate_allure_report.bat"]. @29-03-2021 23:08:39.0400 PM
[main] INFO com.shaft.tools.io.ReportManager - [ReportManager] File Action [getAbsolutePath] successfully performed. With the following test data [Relative File Path: "allure-results/environment.xml"]. @29-03-2021 23:08:39.0510 PM
[main] INFO com.shaft.tools.io.ReportManager - [ReportManager] File Action [writeToFile] successfully performed. With the following test data [Target File Path: "C:\Users\Ahmed\git\using_SHAFT_ENGINE2\allure-results\environment.xml"]. @29-03-2021 23:08:39.0521 PM
[main] INFO com.shaft.tools.io.ReportManager - [ReportManager] File Action [getAbsolutePath] successfully performed. With the following test data [Relative Folder Path: "target/downloadedFiles/"]. @29-03-2021 23:08:39.0587 PM
[main] INFO io.github.bonigarcia.wdm.WebDriverManager - Using chromedriver 89.0.4389.23 (resolved driver for Chrome 89)
[main] INFO io.github.bonigarcia.wdm.WebDriverManager - Exporting webdriver.chrome.driver as C:\Users\Ahmed\.cache\selenium\chromedriver\win32\89.0.4389.23\chromedriver.exe
Starting ChromeDriver 89.0.4389.23 (61b08ee2c50024bab004e48d2b1b083cdbdac579-refs/branch-heads/4389@{#294}) on port 18315
Only local connections are allowed.
Please see https://chromedriver.chromium.org/security-considerations for suggestions on keeping ChromeDriver safe.
ChromeDriver was started successfully.
[1617052121.518][WARNING]: Ignoring unrecognized log type: client
[1617052121.518][WARNING]: Ignoring unrecognized log type: profiler
[1617052121.518][WARNING]: Ignoring unrecognized log type: server
Mar 29, 2021 11:08:42 PM org.openqa.selenium.remote.ProtocolHandshake createSession
INFO: Detected dialect: OSS
[main] INFO com.shaft.tools.io.ReportManager - [ReportManager] Target URL: [https://playwin.live/ar] @29-03-2021 23:08:42.0107 PM
[main] INFO com.automation.remarks.video.recorder.monte.MonteRecorder - Recording started
[main] INFO com.shaft.tools.io.ReportManager - [ReportManager] Initial URL: [data:,] @29-03-2021 23:08:42.0583 PM
[main] INFO com.shaft.tools.io.ReportManager - [ReportManager] File Action [createFile] successfully performed. With the following test data [Target Folder: "allure-results//screenshots/20210329-230839", Target File: "\1617052127184_beforeMethod.gif"]. @29-03-2021 23:08:47.0327 PM
[main] INFO com.automation.remarks.video.recorder.monte.MonteRecorder - Recording finished to C:\Users\Ahmed\git\using_SHAFT_ENGINE2\allure-results\videos\1617052128092_beforeMethod_recording_2021_29_03_23_08_48.avi
[main] INFO com.automation.remarks.video.RecordingUtils - No jenkinsUrl variable found.
[main] INFO com.automation.remarks.video.RecordingUtils - Video recording: C:\Users\Ahmed\git\using_SHAFT_ENGINE2\allure-results\videos\1617052128092_beforeMethod_recording_2021_29_03_23_08_48.avi
[main] INFO ws.schild.jave.ConversionOutputAnalyzer - Unhandled message in step: 2 Line: 7 message: <[libx264 @ 000001fb93ade700] using cpu capabilities: MMX2 SSE2Fast SSSE3 SSE4.2 AVX FMA3 BMI2 AVX2>
[main] INFO ws.schild.jave.ConversionOutputAnalyzer - Unhandled message in step: 2 Line: 8 message: <[libx264 @ 000001fb93ade700] profile High 4:4:4 Predictive, level 4.0, 4:4:4, 8-bit>
[main] INFO ws.schild.jave.ConversionOutputAnalyzer - Unhandled message in step: 2 Line: 9 message: <[libx264 @ 000001fb93ade700] 264 - core 159 - H.264/MPEG-4 AVC codec - Copyleft 2003-2019 - http://www.videolan.org/x264.html - options: cabac=1 ref=3 deblock=1:0:0 analyse=0x3:0x113 me=hex subme=7 psy=1 psy_rd=1.00:0.00 mixed_ref=1 me_range=16 chroma_me=1 trellis=1 8x8dct=1 cqm=0 deadzone=21,11 fast_pskip=1 chroma_qp_offset=4 threads=24 lookahead_threads=4 sliced_threads=0 nr=0 decimate=1 interlaced=0 bluray_compat=0 constrained_intra=0 bframes=3 b_pyramid=2 b_adapt=1 b_bias=0 direct=1 weightb=1 open_gop=0 weightp=2 keyint=250 keyint_min=25 scenecut=40 intra_refresh=0 rc_lookahead=40 rc=crf mbtree=1 crf=23.0 qcomp=0.60 qpmin=0 qpmax=69 qpstep=4 ip_ratio=1.40 aq=1:1.00>
[main] INFO ws.schild.jave.ConversionOutputAnalyzer - Unhandled message in step: 3 Line: 20 message: <[mp4 @ 000001fb93add0c0] Starting second pass: moving the moov atom to the beginning of the file>
[main] INFO com.automation.remarks.video.recorder.monte.MonteRecorder - Recording started
[main] INFO com.shaft.tools.io.ReportManager - [ReportManager] File Action [createFile] successfully performed. With the following test data [Target Folder: "allure-results//screenshots/20210329-230839", Target File: "\1617052131150_login1st.gif"]. @29-03-2021 23:08:51.0190 PM
[main] INFO com.automation.remarks.video.recorder.monte.MonteRecorder - Recording finished to C:\Users\Ahmed\git\using_SHAFT_ENGINE2\allure-results\videos\1617052137717_login1st_recording_2021_29_03_23_08_57.avi
[main] INFO com.automation.remarks.video.RecordingUtils - No jenkinsUrl variable found.
[main] INFO com.automation.remarks.video.RecordingUtils - Video recording: C:\Users\Ahmed\git\using_SHAFT_ENGINE2\allure-results\videos\1617052137717_login1st_recording_2021_29_03_23_08_57.avi
[main] INFO ws.schild.jave.ConversionOutputAnalyzer - Unhandled message in step: 2 Line: 7 message: <[libx264 @ 0000020c6722e500] using cpu capabilities: MMX2 SSE2Fast SSSE3 SSE4.2 AVX FMA3 BMI2 AVX2>
[main] INFO ws.schild.jave.ConversionOutputAnalyzer - Unhandled message in step: 2 Line: 8 message: <[libx264 @ 0000020c6722e500] profile High 4:4:4 Predictive, level 4.0, 4:4:4, 8-bit>
[main] INFO ws.schild.jave.ConversionOutputAnalyzer - Unhandled message in step: 2 Line: 9 message: <[libx264 @ 0000020c6722e500] 264 - core 159 - H.264/MPEG-4 AVC codec - Copyleft 2003-2019 - http://www.videolan.org/x264.html - options: cabac=1 ref=3 deblock=1:0:0 analyse=0x3:0x113 me=hex subme=7 psy=1 psy_rd=1.00:0.00 mixed_ref=1 me_range=16 chroma_me=1 trellis=1 8x8dct=1 cqm=0 deadzone=21,11 fast_pskip=1 chroma_qp_offset=4 threads=24 lookahead_threads=4 sliced_threads=0 nr=0 decimate=1 interlaced=0 bluray_compat=0 constrained_intra=0 bframes=3 b_pyramid=2 b_adapt=1 b_bias=0 direct=1 weightb=1 open_gop=0 weightp=2 keyint=250 keyint_min=25 scenecut=40 intra_refresh=0 rc_lookahead=40 rc=crf mbtree=1 crf=23.0 qcomp=0.60 qpmin=0 qpmax=69 qpstep=4 ip_ratio=1.40 aq=1:1.00>
[main] INFO ws.schild.jave.ConversionOutputAnalyzer - Unhandled message in step: 3 Line: 22 message: <[mp4 @ 0000020c6723df80] Starting second pass: moving the moov atom to the beginning of the file>
]]></system-err>
  </testcase>
  <testcase name="test" classname="tests.gui.NewTest" time="27.64">
    <system-out><![CDATA[
################################################################################################################################################
Starting Execution:	[2 out of 3] test cases in the current suite
Test Method:		[tests.gui.NewTest.test]
################################################################################################################################################
[ReportManager] Element Action [click] successfully performed. With the following test data [ابدأ التحدي]. @29-03-2021 23:09:03.0859 PM
question number 1
[ReportManager] Element Action [click] successfully performed. With the following test data [A]. @29-03-2021 23:09:05.0697 PM
question number 2
[ReportManager] Element Action [click] successfully performed. With the following test data [A]. @29-03-2021 23:09:07.0477 PM
question number 3
[ReportManager] Element Action [click] successfully performed. With the following test data [A]. @29-03-2021 23:09:09.0332 PM
question number 4
[ReportManager] Element Action [click] successfully performed. With the following test data [A]. @29-03-2021 23:09:11.0121 PM
question number 5
[ReportManager] Element Action [click] successfully performed. With the following test data [A]. @29-03-2021 23:09:12.0957 PM
question number 6
[ReportManager] Element Action [click] successfully performed. With the following test data [A]. @29-03-2021 23:09:14.0803 PM
question number 7
[ReportManager] Element Action [click] successfully performed. With the following test data [A]. @29-03-2021 23:09:16.0577 PM
question number 8
[ReportManager] Element Action [click] successfully performed. With the following test data [A]. @29-03-2021 23:09:18.0358 PM
question number 9
[ReportManager] Element Action [click] successfully performed. With the following test data [A]. @29-03-2021 23:09:20.0136 PM
question number 10
[ReportManager] Element Action [click] successfully performed. With the following test data [A]. @29-03-2021 23:09:21.0929 PM
[ReportManager] Successfully created attachment [Video Recording - test] @29-03-2021 23:09:28.0084 PM
[ReportManager] Successfully created attachment [Animated Gif - test] @29-03-2021 23:09:28.0092 PM
[ReportManager] Successfully created attachment [SHAFT Engine Logs - Current Method log: test] @29-03-2021 23:09:28.0095 PM
]]></system-out>
    <system-err><![CDATA[[main] INFO com.automation.remarks.video.recorder.monte.MonteRecorder - Recording started
[main] INFO com.shaft.tools.io.ReportManager - [ReportManager] File Action [createFile] successfully performed. With the following test data [Target Folder: "allure-results//screenshots/20210329-230839", Target File: "\1617052141369_test.gif"]. @29-03-2021 23:09:01.0424 PM
[main] INFO com.automation.remarks.video.recorder.monte.MonteRecorder - Recording finished to C:\Users\Ahmed\git\using_SHAFT_ENGINE2\allure-results\videos\1617052161930_test_recording_2021_29_03_23_09_22.avi
[main] INFO com.automation.remarks.video.RecordingUtils - No jenkinsUrl variable found.
[main] INFO com.automation.remarks.video.RecordingUtils - Video recording: C:\Users\Ahmed\git\using_SHAFT_ENGINE2\allure-results\videos\1617052161930_test_recording_2021_29_03_23_09_22.avi
[main] INFO ws.schild.jave.ConversionOutputAnalyzer - Unhandled message in step: 2 Line: 7 message: <[libx264 @ 0000026871400b40] using cpu capabilities: MMX2 SSE2Fast SSSE3 SSE4.2 AVX FMA3 BMI2 AVX2>
[main] INFO ws.schild.jave.ConversionOutputAnalyzer - Unhandled message in step: 2 Line: 8 message: <[libx264 @ 0000026871400b40] profile High 4:4:4 Predictive, level 4.0, 4:4:4, 8-bit>
[main] INFO ws.schild.jave.ConversionOutputAnalyzer - Unhandled message in step: 2 Line: 9 message: <[libx264 @ 0000026871400b40] 264 - core 159 - H.264/MPEG-4 AVC codec - Copyleft 2003-2019 - http://www.videolan.org/x264.html - options: cabac=1 ref=3 deblock=1:0:0 analyse=0x3:0x113 me=hex subme=7 psy=1 psy_rd=1.00:0.00 mixed_ref=1 me_range=16 chroma_me=1 trellis=1 8x8dct=1 cqm=0 deadzone=21,11 fast_pskip=1 chroma_qp_offset=4 threads=24 lookahead_threads=4 sliced_threads=0 nr=0 decimate=1 interlaced=0 bluray_compat=0 constrained_intra=0 bframes=3 b_pyramid=2 b_adapt=1 b_bias=0 direct=1 weightb=1 open_gop=0 weightp=2 keyint=250 keyint_min=25 scenecut=40 intra_refresh=0 rc_lookahead=40 rc=crf mbtree=1 crf=23.0 qcomp=0.60 qpmin=0 qpmax=69 qpstep=4 ip_ratio=1.40 aq=1:1.00>
[main] INFO ws.schild.jave.ConversionOutputAnalyzer - Unhandled message in step: 3 Line: 28 message: <[mp4 @ 000002687140e8c0] Starting second pass: moving the moov atom to the beginning of the file>
]]></system-err>
  </testcase>
  <testcase name="comparestats" classname="tests.gui.NewTest" time="5.691">
    <system-out><![CDATA[
################################################################################################################################################
Starting Execution:	[3 out of 3] test cases in the current suite
Test Method:		[tests.gui.NewTest.comparestats]
################################################################################################################################################
[ReportManager] Browser Action [navigateToURL] successfully performed. With the following test data [https://playwin.live]. @29-03-2021 23:09:31.0935 PM
points calculated correctly user now have__2900__ and used to have__2600
user did use 1 topic.
[ReportManager] Successfully created attachment [Video Recording - comparestats] @29-03-2021 23:09:33.0828 PM
[ReportManager] Successfully created attachment [Animated Gif - comparestats] @29-03-2021 23:09:33.0829 PM
[ReportManager] Successfully created attachment [SHAFT Engine Logs - Current Method log: comparestats] @29-03-2021 23:09:33.0830 PM
]]></system-out>
    <system-err><![CDATA[[main] INFO com.shaft.tools.io.ReportManager - [ReportManager] Target URL: [https://playwin.live] @29-03-2021 23:09:28.0102 PM
[main] INFO com.automation.remarks.video.recorder.monte.MonteRecorder - Recording started
[main] INFO com.shaft.tools.io.ReportManager - [ReportManager] Initial URL: [https://playwin.live/ar/start_quiz/56939] @29-03-2021 23:09:28.0267 PM
[main] INFO com.shaft.tools.io.ReportManager - [ReportManager] File Action [createFile] successfully performed. With the following test data [Target Folder: "allure-results//screenshots/20210329-230839", Target File: "\1617052171232_comparestats.gif"]. @29-03-2021 23:09:31.0291 PM
[main] INFO com.automation.remarks.video.recorder.monte.MonteRecorder - Recording finished to C:\Users\Ahmed\git\using_SHAFT_ENGINE2\allure-results\videos\1617052171981_comparestats_recording_2021_29_03_23_09_32.avi
[main] INFO com.automation.remarks.video.RecordingUtils - No jenkinsUrl variable found.
[main] INFO com.automation.remarks.video.RecordingUtils - Video recording: C:\Users\Ahmed\git\using_SHAFT_ENGINE2\allure-results\videos\1617052171981_comparestats_recording_2021_29_03_23_09_32.avi
[main] INFO ws.schild.jave.ConversionOutputAnalyzer - Unhandled message in step: 2 Line: 7 message: <[libx264 @ 000001502196dd00] using cpu capabilities: MMX2 SSE2Fast SSSE3 SSE4.2 AVX FMA3 BMI2 AVX2>
[main] INFO ws.schild.jave.ConversionOutputAnalyzer - Unhandled message in step: 2 Line: 8 message: <[libx264 @ 000001502196dd00] profile High 4:4:4 Predictive, level 4.0, 4:4:4, 8-bit>
[main] INFO ws.schild.jave.ConversionOutputAnalyzer - Unhandled message in step: 2 Line: 9 message: <[libx264 @ 000001502196dd00] 264 - core 159 - H.264/MPEG-4 AVC codec - Copyleft 2003-2019 - http://www.videolan.org/x264.html - options: cabac=1 ref=3 deblock=1:0:0 analyse=0x3:0x113 me=hex subme=7 psy=1 psy_rd=1.00:0.00 mixed_ref=1 me_range=16 chroma_me=1 trellis=1 8x8dct=1 cqm=0 deadzone=21,11 fast_pskip=1 chroma_qp_offset=4 threads=24 lookahead_threads=4 sliced_threads=0 nr=0 decimate=1 interlaced=0 bluray_compat=0 constrained_intra=0 bframes=3 b_pyramid=2 b_adapt=1 b_bias=0 direct=1 weightb=1 open_gop=0 weightp=2 keyint=250 keyint_min=25 scenecut=40 intra_refresh=0 rc_lookahead=40 rc=crf mbtree=1 crf=23.0 qcomp=0.60 qpmin=0 qpmax=69 qpstep=4 ip_ratio=1.40 aq=1:1.00>
[main] INFO ws.schild.jave.ConversionOutputAnalyzer - Unhandled message in step: 3 Line: 20 message: <[mp4 @ 000001502196c740] Starting second pass: moving the moov atom to the beginning of the file>
]]></system-err>
  </testcase>
</testsuite>